<?xml version="1.0" encoding="UTF-8"?>
<!-- Generated by org.testng.reporters.JUnitXMLReporter -->
<testsuite hostname="DESKTOP-CG5M29G" ignored="0" name="Test" tests="5" failures="1" timestamp="24 Feb 2021 03:25:25 GMT" time="1.866" errors="0">
  <testcase name="testcase1" time="1.534" classname="org.testing.TestScripts.TC1">
    <failure type="java.lang.AssertionError" message="Status code is not matching so failed expected [200] but found [201]">
      <![CDATA[java.lang.AssertionError: Status code is not matching so failed expected [200] but found [201]
	at org.testing.ResponseValidation.Responsehandling.responseStatusCode(Responsehandling.java:11)
	at org.testing.TestScripts.TC1.testcase1(TC1.java:50)
... Removed 30 stack frames]]>
    </failure>
  </testcase> <!-- testcase1 -->
  <testcase name="testcase2" time="0.1" classname="org.testing.TestScripts.TC2"/>
  <testcase name="testcase3" time="0.053" classname="org.testing.TestScripts.TC3"/>
  <testcase name="testcase4" time="0.063" classname="org.testing.TestScripts.TC4"/>
  <testcase name="testcase5" time="0.053" classname="org.testing.TestScripts.TC5"/>
</testsuite> <!-- Test -->
